<?xml version="1.0" encoding="UTF-8"?>
<!-- Generated by org.testng.reporters.JUnitReportReporter -->
<testsuite hostname="DESKTOP-JOG9MMV" failures="0" tests="2" name="runners.GooglePageRunner" time="32.661" errors="0" timestamp="2023-07-26T11:43:16 IST" skipped="0">
  <testcase classname="runners.GooglePageRunner" name="runScenario" time="17.402"/>
  <system-out/>
  <testcase classname="runners.GooglePageRunner" name="runScenario" time="15.259"/>
  <system-out/>
</testsuite> <!-- runners.GooglePageRunner -->
