<?xml version="1.0" encoding="UTF-8"?>
<!-- Generated by org.testng.reporters.JUnitReportReporter -->
<testsuite hostname="DESKTOP-JOG9MMV" failures="0" tests="6" name="runners.TaggedRunner$GooglePageRunner" time="19.801" errors="0" timestamp="2023-07-26T22:28:53 IST" skipped="0">
  <testcase classname="runners.TaggedRunner$GooglePageRunner" name="runScenario" time="3.025"/>
  <system-out/>
  <testcase classname="runners.TaggedRunner$GooglePageRunner" name="runScenario" time="3.064"/>
  <system-out/>
  <testcase classname="runners.TaggedRunner$GooglePageRunner" name="runScenario" time="2.149"/>
  <system-out/>
  <testcase classname="runners.TaggedRunner$GooglePageRunner" name="runScenario" time="1.922"/>
  <system-out/>
  <testcase classname="runners.TaggedRunner$GooglePageRunner" name="runScenario" time="4.352"/>
  <system-out/>
  <testcase classname="runners.TaggedRunner$GooglePageRunner" name="runScenario" time="5.289"/>
  <system-out/>
</testsuite> <!-- runners.TaggedRunner$GooglePageRunner -->
