<?xml version="1.0" encoding="UTF-8"?>
<!-- Generated by org.testng.reporters.JUnitReportReporter -->
<testsuite hostname="DESKTOP-JOG9MMV" failures="0" tests="4" name="runners.GooglePageRunner" time="51.580" errors="0" timestamp="2023-07-25T22:56:46 IST" skipped="0">
  <testcase classname="runners.GooglePageRunner" name="runScenario" time="9.355"/>
  <system-out/>
  <testcase classname="runners.GooglePageRunner" name="runScenario" time="13.408"/>
  <system-out/>
  <testcase classname="runners.GooglePageRunner" name="runScenario" time="16.825"/>
  <system-out/>
  <testcase classname="runners.GooglePageRunner" name="runScenario" time="11.992"/>
  <system-out/>
</testsuite> <!-- runners.GooglePageRunner -->
