<?xml version="1.0" encoding="UTF-8"?>
<!-- Generated by org.testng.reporters.JUnitReportReporter -->
<testsuite hostname="DESKTOP-JOG9MMV" failures="0" tests="1" name="runners.GooglePageRunner" time="14.490" errors="0" timestamp="2023-07-24T18:38:02 IST" skipped="0">
  <testcase classname="runners.GooglePageRunner" name="runScenario" time="14.490"/>
  <system-out/>
</testsuite> <!-- runners.GooglePageRunner -->
